This is pdfTeX, Version 3.141592653-2.6-1.40.22 (TeX Live 2021/W32TeX) (preloaded format=pdflatex 2021.6.7)  7 JUN 2021 19:41
entering extended mode
 restricted \write18 enabled.
 %&-line parsing enabled.
**FinalProject-Bright-Santoro.tex
(./FinalProject-Bright-Santoro.tex
LaTeX2e <2021-06-01>
L3 programming layer <2021-06-01> (c:/Users/micha/AppData/Roaming/TinyTeX/texmf
-dist/tex/latex/base/book.cls
Document Class: book 2021/02/12 v1.4n Standard LaTeX document class
(c:/Users/micha/AppData/Roaming/TinyTeX/texmf-dist/tex/latex/base/bk10.clo
File: bk10.clo 2021/02/12 v1.4n Standard LaTeX file (size option)
)
\c@part=\count182
\c@chapter=\count183
\c@section=\count184
\c@subsection=\count185
\c@subsubsection=\count186
\c@paragraph=\count187
\c@subparagraph=\count188
\c@figure=\count189
\c@table=\count190
\abovecaptionskip=\skip47
\belowcaptionskip=\skip48
\bibindent=\dimen138
)
(c:/Users/micha/AppData/Roaming/TinyTeX/texmf-dist/tex/latex/amsmath/amsmath.st
y
Package: amsmath 2021/04/20 v2.17j AMS math features
\@mathmargin=\skip49
For additional information on amsmath, use the `?' option.

(c:/Users/micha/AppData/Roaming/TinyTeX/texmf-dist/tex/latex/amsmath/amstext.st
y
Package: amstext 2000/06/29 v2.01 AMS text

(c:/Users/micha/AppData/Roaming/TinyTeX/texmf-dist/tex/latex/amsmath/amsgen.sty
File: amsgen.sty 1999/11/30 v2.0 generic functions
\@emptytoks=\toks16
\ex@=\dimen139
))
(c:/Users/micha/AppData/Roaming/TinyTeX/texmf-dist/tex/latex/amsmath/amsbsy.sty
Package: amsbsy 1999/11/29 v1.2d Bold Symbols
\pmbraise@=\dimen140
)
(c:/Users/micha/AppData/Roaming/TinyTeX/texmf-dist/tex/latex/amsmath/amsopn.sty
Package: amsopn 2016/03/08 v2.02 operator names
)
\inf@bad=\count191
LaTeX Info: Redefining \frac on input line 234.
\uproot@=\count192
\leftroot@=\count193
LaTeX Info: Redefining \overline on input line 399.
\classnum@=\count194
\DOTSCASE@=\count195
LaTeX Info: Redefining \ldots on input line 496.
LaTeX Info: Redefining \dots on input line 499.
LaTeX Info: Redefining \cdots on input line 620.
\Mathstrutbox@=\box50
\strutbox@=\box51
\big@size=\dimen141
LaTeX Font Info:    Redeclaring font encoding OML on input line 743.
LaTeX Font Info:    Redeclaring font encoding OMS on input line 744.
\macc@depth=\count196
\c@MaxMatrixCols=\count197
\dotsspace@=\muskip16
\c@parentequation=\count198
\dspbrk@lvl=\count199
\tag@help=\toks17
\row@=\count266
\column@=\count267
\maxfields@=\count268
\andhelp@=\toks18
\eqnshift@=\dimen142
\alignsep@=\dimen143
\tagshift@=\dimen144
\tagwidth@=\dimen145
\totwidth@=\dimen146
\lineht@=\dimen147
\@envbody=\toks19
\multlinegap=\skip50
\multlinetaggap=\skip51
\mathdisplay@stack=\toks20
LaTeX Info: Redefining \[ on input line 2923.
LaTeX Info: Redefining \] on input line 2924.
)
(c:/Users/micha/AppData/Roaming/TinyTeX/texmf-dist/tex/latex/amsfonts/amssymb.s
ty
Package: amssymb 2013/01/14 v3.01 AMS font symbols

(c:/Users/micha/AppData/Roaming/TinyTeX/texmf-dist/tex/latex/amsfonts/amsfonts.
sty
Package: amsfonts 2013/01/14 v3.01 Basic AMSFonts support
\symAMSa=\mathgroup4
\symAMSb=\mathgroup5
LaTeX Font Info:    Redeclaring math symbol \hbar on input line 98.
LaTeX Font Info:    Overwriting math alphabet `\mathfrak' in version `bold'
(Font)                  U/euf/m/n --> U/euf/b/n on input line 106.
)) (c:/Users/micha/AppData/Roaming/TinyTeX/texmf-dist/tex/latex/lm/lmodern.sty
Package: lmodern 2015/05/01 v1.6.1 Latin Modern Fonts
LaTeX Font Info:    Overwriting symbol font `operators' in version `normal'
(Font)                  OT1/cmr/m/n --> OT1/lmr/m/n on input line 22.
LaTeX Font Info:    Overwriting symbol font `letters' in version `normal'
(Font)                  OML/cmm/m/it --> OML/lmm/m/it on input line 23.
LaTeX Font Info:    Overwriting symbol font `symbols' in version `normal'
(Font)                  OMS/cmsy/m/n --> OMS/lmsy/m/n on input line 24.
LaTeX Font Info:    Overwriting symbol font `largesymbols' in version `normal'
(Font)                  OMX/cmex/m/n --> OMX/lmex/m/n on input line 25.
LaTeX Font Info:    Overwriting symbol font `operators' in version `bold'
(Font)                  OT1/cmr/bx/n --> OT1/lmr/bx/n on input line 26.
LaTeX Font Info:    Overwriting symbol font `letters' in version `bold'
(Font)                  OML/cmm/b/it --> OML/lmm/b/it on input line 27.
LaTeX Font Info:    Overwriting symbol font `symbols' in version `bold'
(Font)                  OMS/cmsy/b/n --> OMS/lmsy/b/n on input line 28.
LaTeX Font Info:    Overwriting symbol font `largesymbols' in version `bold'
(Font)                  OMX/cmex/m/n --> OMX/lmex/m/n on input line 29.
LaTeX Font Info:    Overwriting math alphabet `\mathbf' in version `normal'
(Font)                  OT1/cmr/bx/n --> OT1/lmr/bx/n on input line 31.
LaTeX Font Info:    Overwriting math alphabet `\mathsf' in version `normal'
(Font)                  OT1/cmss/m/n --> OT1/lmss/m/n on input line 32.
LaTeX Font Info:    Overwriting math alphabet `\mathit' in version `normal'
(Font)                  OT1/cmr/m/it --> OT1/lmr/m/it on input line 33.
LaTeX Font Info:    Overwriting math alphabet `\mathtt' in version `normal'
(Font)                  OT1/cmtt/m/n --> OT1/lmtt/m/n on input line 34.
LaTeX Font Info:    Overwriting math alphabet `\mathbf' in version `bold'
(Font)                  OT1/cmr/bx/n --> OT1/lmr/bx/n on input line 35.
LaTeX Font Info:    Overwriting math alphabet `\mathsf' in version `bold'
(Font)                  OT1/cmss/bx/n --> OT1/lmss/bx/n on input line 36.
LaTeX Font Info:    Overwriting math alphabet `\mathit' in version `bold'
(Font)                  OT1/cmr/bx/it --> OT1/lmr/bx/it on input line 37.
LaTeX Font Info:    Overwriting math alphabet `\mathtt' in version `bold'
(Font)                  OT1/cmtt/m/n --> OT1/lmtt/m/n on input line 38.
)
(c:/Users/micha/AppData/Roaming/TinyTeX/texmf-dist/tex/generic/iftex/ifxetex.st
y
Package: ifxetex 2019/10/25 v0.7 ifxetex legacy package. Use iftex instead.
(c:/Users/micha/AppData/Roaming/TinyTeX/texmf-dist/tex/generic/iftex/iftex.sty
Package: iftex 2020/03/06 v1.0d TeX engine tests
))
(c:/Users/micha/AppData/Roaming/TinyTeX/texmf-dist/tex/generic/iftex/ifluatex.s
ty
Package: ifluatex 2019/10/25 v1.5 ifluatex legacy package. Use iftex instead.
) (c:/Users/micha/AppData/Roaming/TinyTeX/texmf-dist/tex/latex/base/fontenc.sty
Package: fontenc 2021/04/29 v2.0v Standard LaTeX package
LaTeX Font Info:    Trying to load font information for T1+lmr on input line 11
2.
(c:/Users/micha/AppData/Roaming/TinyTeX/texmf-dist/tex/latex/lm/t1lmr.fd
File: t1lmr.fd 2015/05/01 v1.6.1 Font defs for Latin Modern
)) (c:/Users/micha/AppData/Roaming/TinyTeX/texmf-dist/tex/latex/base/inputenc.s
ty
Package: inputenc 2021/02/14 v1.3d Input encoding file
\inpenc@prehook=\toks21
\inpenc@posthook=\toks22
) (c:/Users/micha/AppData/Roaming/TinyTeX/texmf-dist/tex/latex/base/textcomp.st
y
Package: textcomp 2020/02/02 v2.0n Standard LaTeX package
) (c:/Users/micha/AppData/Roaming/TinyTeX/texmf-dist/tex/latex/xcolor/xcolor.st
y
Package: xcolor 2016/05/11 v2.12 LaTeX color extensions (UK)

(c:/Users/micha/AppData/Roaming/TinyTeX/texmf-dist/tex/latex/graphics-cfg/color
.cfg
File: color.cfg 2016/01/02 v1.6 sample color configuration
)
Package xcolor Info: Driver file: pdftex.def on input line 225.

(c:/Users/micha/AppData/Roaming/TinyTeX/texmf-dist/tex/latex/graphics-def/pdfte
x.def
File: pdftex.def 2020/10/05 v1.2a Graphics/color driver for pdftex
)
Package xcolor Info: Model `cmy' substituted by `cmy0' on input line 1348.
Package xcolor Info: Model `hsb' substituted by `rgb' on input line 1352.
Package xcolor Info: Model `RGB' extended on input line 1364.
Package xcolor Info: Model `HTML' substituted by `rgb' on input line 1366.
Package xcolor Info: Model `Hsb' substituted by `hsb' on input line 1367.
Package xcolor Info: Model `tHsb' substituted by `hsb' on input line 1368.
Package xcolor Info: Model `HSB' substituted by `hsb' on input line 1369.
Package xcolor Info: Model `Gray' substituted by `gray' on input line 1370.
Package xcolor Info: Model `wave' substituted by `hsb' on input line 1371.
)
(c:/Users/micha/AppData/Roaming/TinyTeX/texmf-dist/tex/latex/hyperref/hyperref.
sty
Package: hyperref 2021-06-05 v7.00l Hypertext links for LaTeX

(c:/Users/micha/AppData/Roaming/TinyTeX/texmf-dist/tex/generic/ltxcmds/ltxcmds.
sty
Package: ltxcmds 2020-05-10 v1.25 LaTeX kernel commands for general use (HO)
)
(c:/Users/micha/AppData/Roaming/TinyTeX/texmf-dist/tex/generic/pdftexcmds/pdfte
xcmds.sty
Package: pdftexcmds 2020-06-27 v0.33 Utility functions of pdfTeX for LuaTeX (HO
)

(c:/Users/micha/AppData/Roaming/TinyTeX/texmf-dist/tex/generic/infwarerr/infwar
err.sty
Package: infwarerr 2019/12/03 v1.5 Providing info/warning/error messages (HO)
)
Package pdftexcmds Info: \pdf@primitive is available.
Package pdftexcmds Info: \pdf@ifprimitive is available.
Package pdftexcmds Info: \pdfdraftmode found.
)
(c:/Users/micha/AppData/Roaming/TinyTeX/texmf-dist/tex/latex/graphics/keyval.st
y
Package: keyval 2014/10/28 v1.15 key=value parser (DPC)
\KV@toks@=\toks23
)
(c:/Users/micha/AppData/Roaming/TinyTeX/texmf-dist/tex/generic/kvsetkeys/kvsetk
eys.sty
Package: kvsetkeys 2019/12/15 v1.18 Key value parser (HO)
)
(c:/Users/micha/AppData/Roaming/TinyTeX/texmf-dist/tex/generic/kvdefinekeys/kvd
efinekeys.sty
Package: kvdefinekeys 2019-12-19 v1.6 Define keys (HO)
)
(c:/Users/micha/AppData/Roaming/TinyTeX/texmf-dist/tex/generic/pdfescape/pdfesc
ape.sty
Package: pdfescape 2019/12/09 v1.15 Implements pdfTeX's escape features (HO)
)
(c:/Users/micha/AppData/Roaming/TinyTeX/texmf-dist/tex/latex/hycolor/hycolor.st
y
Package: hycolor 2020-01-27 v1.10 Color options for hyperref/bookmark (HO)
)
(c:/Users/micha/AppData/Roaming/TinyTeX/texmf-dist/tex/latex/letltxmacro/letltx
macro.sty
Package: letltxmacro 2019/12/03 v1.6 Let assignment for LaTeX macros (HO)
)
(c:/Users/micha/AppData/Roaming/TinyTeX/texmf-dist/tex/latex/auxhook/auxhook.st
y
Package: auxhook 2019-12-17 v1.6 Hooks for auxiliary files (HO)
)
(c:/Users/micha/AppData/Roaming/TinyTeX/texmf-dist/tex/latex/kvoptions/kvoption
s.sty
Package: kvoptions 2020-10-07 v3.14 Key value format for package options (HO)
)
\@linkdim=\dimen148
\Hy@linkcounter=\count269
\Hy@pagecounter=\count270

(c:/Users/micha/AppData/Roaming/TinyTeX/texmf-dist/tex/latex/hyperref/pd1enc.de
f
File: pd1enc.def 2021-06-05 v7.00l Hyperref: PDFDocEncoding definition (HO)
Now handling font encoding PD1 ...
... no UTF-8 mapping file for font encoding PD1
)
(c:/Users/micha/AppData/Roaming/TinyTeX/texmf-dist/tex/latex/hyperref/hyperref-
langpatches.def
File: hyperref-langpatches.def 2021-06-05 v7.00l Hyperref: patches for babel la
nguages
)
(c:/Users/micha/AppData/Roaming/TinyTeX/texmf-dist/tex/generic/intcalc/intcalc.
sty
Package: intcalc 2019/12/15 v1.3 Expandable calculations with integers (HO)
)
(c:/Users/micha/AppData/Roaming/TinyTeX/texmf-dist/tex/generic/etexcmds/etexcmd
s.sty
Package: etexcmds 2019/12/15 v1.7 Avoid name clashes with e-TeX commands (HO)
)
\Hy@SavedSpaceFactor=\count271

(c:/Users/micha/AppData/Roaming/TinyTeX/texmf-dist/tex/latex/hyperref/puenc.def
File: puenc.def 2021-06-05 v7.00l Hyperref: PDF Unicode definition (HO)
Now handling font encoding PU ...
... no UTF-8 mapping file for font encoding PU
)
Package hyperref Info: Option `unicode' set `true' on input line 4073.
Package hyperref Info: Hyper figures OFF on input line 4192.
Package hyperref Info: Link nesting OFF on input line 4197.
Package hyperref Info: Hyper index ON on input line 4200.
Package hyperref Info: Plain pages OFF on input line 4207.
Package hyperref Info: Backreferencing OFF on input line 4212.
Package hyperref Info: Implicit mode ON; LaTeX internals redefined.
Package hyperref Info: Bookmarks ON on input line 4445.
\c@Hy@tempcnt=\count272
(c:/Users/micha/AppData/Roaming/TinyTeX/texmf-dist/tex/latex/url/url.sty
\Urlmuskip=\muskip17
Package: url 2013/09/16  ver 3.4  Verb mode for urls, etc.
)
LaTeX Info: Redefining \url on input line 4804.
\XeTeXLinkMargin=\dimen149

(c:/Users/micha/AppData/Roaming/TinyTeX/texmf-dist/tex/generic/bitset/bitset.st
y
Package: bitset 2019/12/09 v1.3 Handle bit-vector datatype (HO)

(c:/Users/micha/AppData/Roaming/TinyTeX/texmf-dist/tex/generic/bigintcalc/bigin
tcalc.sty
Package: bigintcalc 2019/12/15 v1.5 Expandable calculations on big integers (HO
)
))
\Fld@menulength=\count273
\Field@Width=\dimen150
\Fld@charsize=\dimen151
Package hyperref Info: Hyper figures OFF on input line 6076.
Package hyperref Info: Link nesting OFF on input line 6081.
Package hyperref Info: Hyper index ON on input line 6084.
Package hyperref Info: backreferencing OFF on input line 6091.
Package hyperref Info: Link coloring OFF on input line 6096.
Package hyperref Info: Link coloring with OCG OFF on input line 6101.
Package hyperref Info: PDF/A mode OFF on input line 6106.
LaTeX Info: Redefining \ref on input line 6146.
LaTeX Info: Redefining \pageref on input line 6150.

(c:/Users/micha/AppData/Roaming/TinyTeX/texmf-dist/tex/latex/base/atbegshi-ltx.
sty
Package: atbegshi-ltx 2021/01/10 v1.0c Emulation of the original atbegshi
package with kernel methods
)
\Hy@abspage=\count274
\c@Item=\count275
\c@Hfootnote=\count276
)
Package hyperref Info: Driver (autodetected): hpdftex.

(c:/Users/micha/AppData/Roaming/TinyTeX/texmf-dist/tex/latex/hyperref/hpdftex.d
ef
File: hpdftex.def 2021-06-05 v7.00l Hyperref driver for pdfTeX

(c:/Users/micha/AppData/Roaming/TinyTeX/texmf-dist/tex/latex/base/atveryend-ltx
.sty
Package: atveryend-ltx 2020/08/19 v1.0a Emulation of the original atvery packag
e
with kernel methods
)
\Fld@listcount=\count277
\c@bookmark@seq@number=\count278

(c:/Users/micha/AppData/Roaming/TinyTeX/texmf-dist/tex/latex/rerunfilecheck/rer
unfilecheck.sty
Package: rerunfilecheck 2019/12/05 v1.9 Rerun checks for auxiliary files (HO)

(c:/Users/micha/AppData/Roaming/TinyTeX/texmf-dist/tex/generic/uniquecounter/un
iquecounter.sty
Package: uniquecounter 2019/12/15 v1.4 Provide unlimited unique counter (HO)
)
Package uniquecounter Info: New unique counter `rerunfilecheck' on input line 2
86.
)
\Hy@SectionHShift=\skip52
)
(c:/Users/micha/AppData/Roaming/TinyTeX/texmf-dist/tex/latex/fancyvrb/fancyvrb.
sty
Package: fancyvrb 2021/01/20 v3.7 verbatim text (tvz,hv)
\FV@CodeLineNo=\count279
\FV@InFile=\read2
\FV@TabBox=\box52
\c@FancyVerbLine=\count280
\FV@StepNumber=\count281
\FV@OutFile=\write3
) (c:/Users/micha/AppData/Roaming/TinyTeX/texmf-dist/tex/latex/framed/framed.st
y
Package: framed 2011/10/22 v 0.96: framed or shaded text with page breaks
\OuterFrameSep=\skip53
\fb@frw=\dimen152
\fb@frh=\dimen153
\FrameRule=\dimen154
\FrameSep=\dimen155
)
(c:/Users/micha/AppData/Roaming/TinyTeX/texmf-dist/tex/latex/tools/longtable.st
y
Package: longtable 2021-05-07 v4.16 Multi-page Table package (DPC)
\LTleft=\skip54
\LTright=\skip55
\LTpre=\skip56
\LTpost=\skip57
\LTchunksize=\count282
\LTcapwidth=\dimen156
\LT@head=\box53
\LT@firsthead=\box54
\LT@foot=\box55
\LT@lastfoot=\box56
\LT@gbox=\box57
\LT@cols=\count283
\LT@rows=\count284
\c@LT@tables=\count285
\c@LT@chunks=\count286
\LT@p@ftn=\toks24
)
(c:/Users/micha/AppData/Roaming/TinyTeX/texmf-dist/tex/latex/booktabs/booktabs.
sty
Package: booktabs 2020/01/12 v1.61803398 Publication quality tables
\heavyrulewidth=\dimen157
\lightrulewidth=\dimen158
\cmidrulewidth=\dimen159
\belowrulesep=\dimen160
\belowbottomsep=\dimen161
\aboverulesep=\dimen162
\abovetopsep=\dimen163
\cmidrulesep=\dimen164
\cmidrulekern=\dimen165
\defaultaddspace=\dimen166
\@cmidla=\count287
\@cmidlb=\count288
\@aboverulesep=\dimen167
\@belowrulesep=\dimen168
\@thisruleclass=\count289
\@lastruleclass=\count290
\@thisrulewidth=\dimen169
) (c:/Users/micha/AppData/Roaming/TinyTeX/texmf-dist/tex/latex/tools/array.sty
Package: array 2021/04/20 v2.5e Tabular extension package (FMi)
\col@sep=\dimen170
\ar@mcellbox=\box58
\extrarowheight=\dimen171
\NC@list=\toks25
\extratabsurround=\skip58
\backup@length=\skip59
\ar@cellbox=\box59
) (c:/Users/micha/AppData/Roaming/TinyTeX/texmf-dist/tex/latex/tools/calc.sty
Package: calc 2017/05/25 v4.3 Infix arithmetic (KKT,FJ)
\calc@Acount=\count291
\calc@Bcount=\count292
\calc@Adimen=\dimen172
\calc@Bdimen=\dimen173
\calc@Askip=\skip60
\calc@Bskip=\skip61
LaTeX Info: Redefining \setlength on input line 80.
LaTeX Info: Redefining \addtolength on input line 81.
\calc@Ccount=\count293
\calc@Cskip=\skip62
)
(c:/Users/micha/AppData/Roaming/TinyTeX/texmf-dist/tex/latex/etoolbox/etoolbox.
sty
Package: etoolbox 2020/10/05 v2.5k e-TeX tools for LaTeX (JAW)
\etb@tempcnta=\count294
)
(c:/Users/micha/AppData/Roaming/TinyTeX/texmf-dist/tex/latex/mdwtools/footnote.
sty
Package: footnote 1997/01/28 1.13 Save footnotes around boxes
\fn@notes=\box60
\fn@width=\dimen174
)
(c:/Users/micha/AppData/Roaming/TinyTeX/texmf-dist/tex/latex/graphics/graphicx.
sty
Package: graphicx 2020/12/05 v1.2c Enhanced LaTeX Graphics (DPC,SPQR)

(c:/Users/micha/AppData/Roaming/TinyTeX/texmf-dist/tex/latex/graphics/graphics.
sty
Package: graphics 2021/03/04 v1.4d Standard LaTeX Graphics (DPC,SPQR)
(c:/Users/micha/AppData/Roaming/TinyTeX/texmf-dist/tex/latex/graphics/trig.sty
Package: trig 2016/01/03 v1.10 sin cos tan (DPC)
)
(c:/Users/micha/AppData/Roaming/TinyTeX/texmf-dist/tex/latex/graphics-cfg/graph
ics.cfg
File: graphics.cfg 2016/06/04 v1.11 sample graphics configuration
)
Package graphics Info: Driver file: pdftex.def on input line 107.
)
\Gin@req@height=\dimen175
\Gin@req@width=\dimen176
) (c:/Users/micha/AppData/Roaming/TinyTeX/texmf-dist/tex/latex/natbib/natbib.st
y
Package: natbib 2010/09/13 8.31b (PWD, AO)
\bibhang=\skip63
\bibsep=\skip64
LaTeX Info: Redefining \cite on input line 694.
\c@NAT@ctr=\count295
)
(c:/Users/micha/AppData/Roaming/TinyTeX/texmf-dist/tex/latex/l3backend/l3backen
d-pdftex.def
File: l3backend-pdftex.def 2021-05-07 L3 backend support: PDF output (pdfTeX)
\l__color_backend_stack_int=\count296
\l__pdf_internal_box=\box61
)
No file FinalProject-Bright-Santoro.aux.
\openout1 = `FinalProject-Bright-Santoro.aux'.

LaTeX Font Info:    Checking defaults for OML/cmm/m/it on input line 121.
LaTeX Font Info:    ... okay on input line 121.
LaTeX Font Info:    Checking defaults for OMS/cmsy/m/n on input line 121.
LaTeX Font Info:    ... okay on input line 121.
LaTeX Font Info:    Checking defaults for OT1/cmr/m/n on input line 121.
LaTeX Font Info:    ... okay on input line 121.
LaTeX Font Info:    Checking defaults for T1/cmr/m/n on input line 121.
LaTeX Font Info:    ... okay on input line 121.
LaTeX Font Info:    Checking defaults for TS1/cmr/m/n on input line 121.
LaTeX Font Info:    ... okay on input line 121.
LaTeX Font Info:    Checking defaults for OMX/cmex/m/n on input line 121.
LaTeX Font Info:    ... okay on input line 121.
LaTeX Font Info:    Checking defaults for U/cmr/m/n on input line 121.
LaTeX Font Info:    ... okay on input line 121.
LaTeX Font Info:    Checking defaults for PD1/pdf/m/n on input line 121.
LaTeX Font Info:    ... okay on input line 121.
LaTeX Font Info:    Checking defaults for PU/pdf/m/n on input line 121.
LaTeX Font Info:    ... okay on input line 121.

(c:/Users/micha/AppData/Roaming/TinyTeX/texmf-dist/tex/latex/epstopdf-pkg/epsto
pdf-base.sty
Package: epstopdf-base 2020-01-24 v2.11 Base part for package epstopdf
Package epstopdf-base Info: Redefining graphics rule for `.eps' on input line 4
85.

(c:/Users/micha/AppData/Roaming/TinyTeX/texmf-dist/tex/latex/latexconfig/epstop
df-sys.cfg
File: epstopdf-sys.cfg 2010/07/13 v1.3 Configuration of (r)epstopdf for TeX Liv
e
))
Package hyperref Info: Link coloring OFF on input line 121.

(c:/Users/micha/AppData/Roaming/TinyTeX/texmf-dist/tex/latex/hyperref/nameref.s
ty
Package: nameref 2021-04-02 v2.47 Cross-referencing by name of section

(c:/Users/micha/AppData/Roaming/TinyTeX/texmf-dist/tex/latex/refcount/refcount.
sty
Package: refcount 2019/12/15 v3.6 Data extraction from label references (HO)
)
(c:/Users/micha/AppData/Roaming/TinyTeX/texmf-dist/tex/generic/gettitlestring/g
ettitlestring.sty
Package: gettitlestring 2019/12/15 v1.6 Cleanup title references (HO)
)
\c@section@level=\count297
)
LaTeX Info: Redefining \ref on input line 121.
LaTeX Info: Redefining \pageref on input line 121.
LaTeX Info: Redefining \nameref on input line 121.
\@outlinefile=\write4
\openout4 = `FinalProject-Bright-Santoro.out'.

LaTeX Font Info:    Trying to load font information for OT1+lmr on input line 1
23.
(c:/Users/micha/AppData/Roaming/TinyTeX/texmf-dist/tex/latex/lm/ot1lmr.fd
File: ot1lmr.fd 2015/05/01 v1.6.1 Font defs for Latin Modern
)
LaTeX Font Info:    Trying to load font information for OML+lmm on input line 1
23.
(c:/Users/micha/AppData/Roaming/TinyTeX/texmf-dist/tex/latex/lm/omllmm.fd
File: omllmm.fd 2015/05/01 v1.6.1 Font defs for Latin Modern
)
LaTeX Font Info:    Trying to load font information for OMS+lmsy on input line 
123.
(c:/Users/micha/AppData/Roaming/TinyTeX/texmf-dist/tex/latex/lm/omslmsy.fd
File: omslmsy.fd 2015/05/01 v1.6.1 Font defs for Latin Modern
)
LaTeX Font Info:    Trying to load font information for OMX+lmex on input line 
123.
(c:/Users/micha/AppData/Roaming/TinyTeX/texmf-dist/tex/latex/lm/omxlmex.fd
File: omxlmex.fd 2015/05/01 v1.6.1 Font defs for Latin Modern
)
LaTeX Font Info:    External font `lmex10' loaded for size
(Font)              <12> on input line 123.
LaTeX Font Info:    External font `lmex10' loaded for size
(Font)              <8> on input line 123.
LaTeX Font Info:    External font `lmex10' loaded for size
(Font)              <6> on input line 123.
LaTeX Font Info:    Trying to load font information for U+msa on input line 123
.
(c:/Users/micha/AppData/Roaming/TinyTeX/texmf-dist/tex/latex/amsfonts/umsa.fd
File: umsa.fd 2013/01/14 v3.01 AMS symbols A
)
LaTeX Font Info:    Trying to load font information for U+msb on input line 123
.
(c:/Users/micha/AppData/Roaming/TinyTeX/texmf-dist/tex/latex/amsfonts/umsb.fd
File: umsb.fd 2013/01/14 v3.01 AMS symbols B
) [1


{c:/Users/micha/AppData/Roaming/TinyTeX/texmf-var/fonts/map/pdftex/updmap/pdfte
x.map}] [2

]
\tf@toc=\write5
\openout5 = `FinalProject-Bright-Santoro.toc'.

[3] [4

]
Chapter 1.

Package natbib Warning: Citation `wine_exactly_web' on page 5 undefined on inpu
t line 133.

LaTeX Font Info:    Trying to load font information for TS1+lmr on input line 1
50.
(c:/Users/micha/AppData/Roaming/TinyTeX/texmf-dist/tex/latex/lm/ts1lmr.fd
File: ts1lmr.fd 2015/05/01 v1.6.1 Font defs for Latin Modern
) [5] [6

]
Chapter 2.

Package natbib Warning: Citation `model_wine' on page 7 undefined on input line
 163.

LaTeX Font Info:    Trying to load font information for T1+lmtt on input line 1
68.
(c:/Users/micha/AppData/Roaming/TinyTeX/texmf-dist/tex/latex/lm/t1lmtt.fd
File: t1lmtt.fd 2015/05/01 v1.6.1 Font defs for Latin Modern
)
LaTeX Font Info:    Trying to load font information for TS1+lmtt on input line 
176.
(c:/Users/micha/AppData/Roaming/TinyTeX/texmf-dist/tex/latex/lm/ts1lmtt.fd
File: ts1lmtt.fd 2015/05/01 v1.6.1 Font defs for Latin Modern
)
Overfull \hbox (59.24883pt too wide) in paragraph at lines 201--201
[]\T1/lmtt/m/n/10 ##  $ fixed.acidity       : num  7.4 7.8 7.8 11.2 7.4 7.4 7.9
 7.3 7.8 7.5 ...[] 
 []


Overfull \hbox (85.49875pt too wide) in paragraph at lines 201--201
[]\T1/lmtt/m/n/10 ##  $ volatile.acidity    : num  0.7 0.88 0.76 0.28 0.7 0.66 
0.6 0.65 0.58 0.5 ...[] 
 []


Overfull \hbox (27.74892pt too wide) in paragraph at lines 201--201
[]\T1/lmtt/m/n/10 ##  $ citric.acid         : num  0 0 0.04 0.56 0 0 0.06 0 0.0
2 0.36 ...[] 
 []


Overfull \hbox (43.49887pt too wide) in paragraph at lines 201--201
[]\T1/lmtt/m/n/10 ##  $ residual.sugar      : num  1.9 2.6 2.3 1.9 1.9 1.8 1.6 
1.2 2 6.1 ...[] 
 []


Overfull \hbox (158.99854pt too wide) in paragraph at lines 201--201
[]\T1/lmtt/m/n/10 ##  $ chlorides           : num  0.076 0.098 0.092 0.075 0.07
6 0.075 0.069 0.065 0.073 0.071 ...[] 
 []

[7]
Overfull \hbox (6.74898pt too wide) in paragraph at lines 201--201
[]\T1/lmtt/m/n/10 ##  $ total.sulfur.dioxide: num  34 67 54 60 34 40 59 21 18 1
02 ...[] 
 []


Overfull \hbox (1.499pt too wide) in paragraph at lines 201--201
[]\T1/lmtt/m/n/10 ##  $ density             : num  0.998 0.997 0.997 0.998 0.99
8 ...[] 
 []


Overfull \hbox (95.99872pt too wide) in paragraph at lines 201--201
[]\T1/lmtt/m/n/10 ##  $ pH                  : num  3.51 3.2 3.26 3.16 3.51 3.51
 3.3 3.39 3.36 3.35 ...[] 
 []


Overfull \hbox (101.2487pt too wide) in paragraph at lines 201--201
[]\T1/lmtt/m/n/10 ##  $ sulphates           : num  0.56 0.68 0.65 0.58 0.56 0.5
6 0.46 0.47 0.57 0.8 ...[] 
 []


Overfull \hbox (53.99884pt too wide) in paragraph at lines 201--201
[]\T1/lmtt/m/n/10 ##  $ alcohol             : num  9.4 9.8 9.8 9.8 9.4 9.4 9.4 
10 9.5 10.5 ...[] 
 []


Package natbib Warning: Citation `descrip_stat' on page 8 undefined on input li
ne 211.


Overfull \hbox (43.49887pt too wide) in paragraph at lines 267--267
[]\T1/lmtt/m/n/10 ##              fixed.acidity volatile.acidity  citric.acid r
esidual.sugar[] 
 []


Overfull \hbox (43.49887pt too wide) in paragraph at lines 267--267
[]\T1/lmtt/m/n/10 ## nbr.val       6.497000e+03     6.497000e+03 6.497000e+03  
 6.497000e+03[] 
 []


Overfull \hbox (43.49887pt too wide) in paragraph at lines 267--267
[]\T1/lmtt/m/n/10 ## nbr.null      0.000000e+00     0.000000e+00 1.510000e+02  
 0.000000e+00[] 
 []


Overfull \hbox (43.49887pt too wide) in paragraph at lines 267--267
[]\T1/lmtt/m/n/10 ## nbr.na        0.000000e+00     0.000000e+00 0.000000e+00  
 0.000000e+00[] 
 []


Overfull \hbox (43.49887pt too wide) in paragraph at lines 267--267
[]\T1/lmtt/m/n/10 ## min           3.800000e+00     8.000000e-02 0.000000e+00  
 6.000000e-01[] 
 []


Overfull \hbox (43.49887pt too wide) in paragraph at lines 267--267
[]\T1/lmtt/m/n/10 ## max           1.590000e+01     1.580000e+00 1.660000e+00  
 6.580000e+01[] 
 []


Overfull \hbox (43.49887pt too wide) in paragraph at lines 267--267
[]\T1/lmtt/m/n/10 ## range         1.210000e+01     1.500000e+00 1.660000e+00  
 6.520000e+01[] 
 []


Overfull \hbox (43.49887pt too wide) in paragraph at lines 267--267
[]\T1/lmtt/m/n/10 ## sum           4.687785e+04     2.206810e+03 2.070160e+03  
 3.536470e+04[] 
 []


Overfull \hbox (43.49887pt too wide) in paragraph at lines 267--267
[]\T1/lmtt/m/n/10 ## median        7.000000e+00     2.900000e-01 3.100000e-01  
 3.000000e+00[] 
 []


Overfull \hbox (43.49887pt too wide) in paragraph at lines 267--267
[]\T1/lmtt/m/n/10 ## mean          7.215307e+00     3.396660e-01 3.186332e-01  
 5.443235e+00[] 
 []


Overfull \hbox (43.49887pt too wide) in paragraph at lines 267--267
[]\T1/lmtt/m/n/10 ## SE.mean       1.608399e-02     2.042536e-03 1.802862e-03  
 5.902692e-02[] 
 []


Overfull \hbox (43.49887pt too wide) in paragraph at lines 267--267
[]\T1/lmtt/m/n/10 ## CI.mean.0.95  3.152992e-02     4.004042e-03 3.534204e-03  
 1.157122e-01[] 
 []


Overfull \hbox (43.49887pt too wide) in paragraph at lines 267--267
[]\T1/lmtt/m/n/10 ## var           1.680740e+00     2.710517e-02 2.111728e-02  
 2.263670e+01[] 
 []


Overfull \hbox (43.49887pt too wide) in paragraph at lines 267--267
[]\T1/lmtt/m/n/10 ## std.dev       1.296434e+00     1.646365e-01 1.453179e-01  
 4.757804e+00[] 
 []


Overfull \hbox (43.49887pt too wide) in paragraph at lines 267--267
[]\T1/lmtt/m/n/10 ## coef.var      1.796783e-01     4.847011e-01 4.560663e-01  
 8.740764e-01[] 
 []


Overfull \hbox (85.49875pt too wide) in paragraph at lines 267--267
[]\T1/lmtt/m/n/10 ##                 chlorides free.sulfur.dioxide total.sulfur
.dioxide      density[] 
 []


Overfull \hbox (85.49875pt too wide) in paragraph at lines 267--267
[]\T1/lmtt/m/n/10 ## nbr.val      6.497000e+03        6.497000e+03         6.49
7000e+03 6.497000e+03[] 
 []


Overfull \hbox (85.49875pt too wide) in paragraph at lines 267--267
[]\T1/lmtt/m/n/10 ## nbr.null     0.000000e+00        0.000000e+00         0.00
0000e+00 0.000000e+00[] 
 []

[8]
Overfull \hbox (85.49875pt too wide) in paragraph at lines 267--267
[]\T1/lmtt/m/n/10 ## nbr.na       0.000000e+00        0.000000e+00         0.00
0000e+00 0.000000e+00[] 
 []


Overfull \hbox (85.49875pt too wide) in paragraph at lines 267--267
[]\T1/lmtt/m/n/10 ## min          9.000000e-03        1.000000e+00         6.00
0000e+00 9.871100e-01[] 
 []


Overfull \hbox (85.49875pt too wide) in paragraph at lines 267--267
[]\T1/lmtt/m/n/10 ## max          6.110000e-01        2.890000e+02         4.40
0000e+02 1.038980e+00[] 
 []


Overfull \hbox (85.49875pt too wide) in paragraph at lines 267--267
[]\T1/lmtt/m/n/10 ## range        6.020000e-01        2.880000e+02         4.34
0000e+02 5.187000e-02[] 
 []


Overfull \hbox (85.49875pt too wide) in paragraph at lines 267--267
[]\T1/lmtt/m/n/10 ## sum          3.640520e+02        1.983230e+05         7.51
9925e+05 6.462544e+03[] 
 []


Overfull \hbox (85.49875pt too wide) in paragraph at lines 267--267
[]\T1/lmtt/m/n/10 ## median       4.700000e-02        2.900000e+01         1.18
0000e+02 9.948900e-01[] 
 []


Overfull \hbox (85.49875pt too wide) in paragraph at lines 267--267
[]\T1/lmtt/m/n/10 ## mean         5.603386e-02        3.052532e+01         1.15
7446e+02 9.946966e-01[] 
 []


Overfull \hbox (85.49875pt too wide) in paragraph at lines 267--267
[]\T1/lmtt/m/n/10 ## SE.mean      4.346387e-04        2.202050e-01         7.01
2292e-01 3.720255e-05[] 
 []


Overfull \hbox (85.49875pt too wide) in paragraph at lines 267--267
[]\T1/lmtt/m/n/10 ## CI.mean.0.95 8.520349e-04        4.316744e-01         1.37
4640e+00 7.292924e-05[] 
 []


Overfull \hbox (85.49875pt too wide) in paragraph at lines 267--267
[]\T1/lmtt/m/n/10 ## var          1.227353e-03        3.150412e+02         3.19
4720e+03 8.992040e-06[] 
 []


Overfull \hbox (85.49875pt too wide) in paragraph at lines 267--267
[]\T1/lmtt/m/n/10 ## std.dev      3.503360e-02        1.774940e+01         5.65
2185e+01 2.998673e-03[] 
 []


Overfull \hbox (85.49875pt too wide) in paragraph at lines 267--267
[]\T1/lmtt/m/n/10 ## coef.var     6.252220e-01        5.814648e-01         4.88
3326e-01 3.014661e-03[] 
 []


Overfull \hbox (32.9989pt too wide) in paragraph at lines 267--267
[]\T1/lmtt/m/n/10 ##                        pH    sulphates      alcohol      q
uality type[] 
 []


Overfull \hbox (32.9989pt too wide) in paragraph at lines 267--267
[]\T1/lmtt/m/n/10 ## nbr.val      6.497000e+03 6.497000e+03 6.497000e+03 6.4970
00e+03   NA[] 
 []


Overfull \hbox (32.9989pt too wide) in paragraph at lines 267--267
[]\T1/lmtt/m/n/10 ## nbr.null     0.000000e+00 0.000000e+00 0.000000e+00 0.0000
00e+00   NA[] 
 []


Overfull \hbox (32.9989pt too wide) in paragraph at lines 267--267
[]\T1/lmtt/m/n/10 ## nbr.na       0.000000e+00 0.000000e+00 0.000000e+00 0.0000
00e+00   NA[] 
 []


Overfull \hbox (32.9989pt too wide) in paragraph at lines 267--267
[]\T1/lmtt/m/n/10 ## min          2.720000e+00 2.200000e-01 8.000000e+00 3.0000
00e+00   NA[] 
 []


Overfull \hbox (32.9989pt too wide) in paragraph at lines 267--267
[]\T1/lmtt/m/n/10 ## max          4.010000e+00 2.000000e+00 1.490000e+01 9.0000
00e+00   NA[] 
 []


Overfull \hbox (32.9989pt too wide) in paragraph at lines 267--267
[]\T1/lmtt/m/n/10 ## range        1.290000e+00 1.780000e+00 6.900000e+00 6.0000
00e+00   NA[] 
 []


Overfull \hbox (32.9989pt too wide) in paragraph at lines 267--267
[]\T1/lmtt/m/n/10 ## sum          2.091060e+04 3.451650e+03 6.816523e+04 3.7802
00e+04   NA[] 
 []


Overfull \hbox (32.9989pt too wide) in paragraph at lines 267--267
[]\T1/lmtt/m/n/10 ## median       3.210000e+00 5.100000e-01 1.030000e+01 6.0000
00e+00   NA[] 
 []


Overfull \hbox (32.9989pt too wide) in paragraph at lines 267--267
[]\T1/lmtt/m/n/10 ## mean         3.218501e+00 5.312683e-01 1.049180e+01 5.8183
78e+00   NA[] 
 []


Overfull \hbox (32.9989pt too wide) in paragraph at lines 267--267
[]\T1/lmtt/m/n/10 ## SE.mean      1.994780e-03 1.846136e-03 1.479718e-02 1.0833
90e-02   NA[] 
 []


Overfull \hbox (32.9989pt too wide) in paragraph at lines 267--267
[]\T1/lmtt/m/n/10 ## CI.mean.0.95 3.910426e-03 3.619034e-03 2.900735e-02 2.1238
01e-02   NA[] 
 []


Overfull \hbox (32.9989pt too wide) in paragraph at lines 267--267
[]\T1/lmtt/m/n/10 ## var          2.585252e-02 2.214319e-02 1.422561e+00 7.6257
48e-01   NA[] 
 []


Overfull \hbox (32.9989pt too wide) in paragraph at lines 267--267
[]\T1/lmtt/m/n/10 ## std.dev      1.607872e-01 1.488059e-01 1.192712e+00 8.7325
53e-01   NA[] 
 []


Overfull \hbox (32.9989pt too wide) in paragraph at lines 267--267
[]\T1/lmtt/m/n/10 ## coef.var     4.995717e-02 2.800955e-01 1.136804e-01 1.5008
57e-01   NA[] 
 []


Overfull \hbox (17.24895pt too wide) in paragraph at lines 291--291
[]\T1/lmtt/m/n/10 ## `stat_bin()` using `bins = 30`. Pick better value with `bi
nwidth`.[] 
 []

[9]
<FinalProject-Bright-Santoro_files/figure-latex/unnamed-chunk-3-1.pdf, id=64, 4
69.755pt x 325.215pt>
File: FinalProject-Bright-Santoro_files/figure-latex/unnamed-chunk-3-1.pdf Grap
hic file (type pdf)
<use FinalProject-Bright-Santoro_files/figure-latex/unnamed-chunk-3-1.pdf>
Package pdftex.def Info: FinalProject-Bright-Santoro_files/figure-latex/unnamed
-chunk-3-1.pdf  used on input line 293.
(pdftex.def)             Requested size: 344.997pt x 238.84406pt.

Overfull \hbox (17.24895pt too wide) in paragraph at lines 313--313
[]\T1/lmtt/m/n/10 ## `stat_bin()` using `bins = 30`. Pick better value with `bi
nwidth`.[] 
 []

<FinalProject-Bright-Santoro_files/figure-latex/unnamed-chunk-4-1.pdf, id=65, 4
69.755pt x 325.215pt>
File: FinalProject-Bright-Santoro_files/figure-latex/unnamed-chunk-4-1.pdf Grap
hic file (type pdf)
<use FinalProject-Bright-Santoro_files/figure-latex/unnamed-chunk-4-1.pdf>
Package pdftex.def Info: FinalProject-Bright-Santoro_files/figure-latex/unnamed
-chunk-4-1.pdf  used on input line 315.
(pdftex.def)             Requested size: 344.997pt x 238.84406pt.

Underfull \vbox (badness 4752) has occurred while \output is active []

[10 <./FinalProject-Bright-Santoro_files/figure-latex/unnamed-chunk-3-1.pdf>]
Overfull \hbox (17.24895pt too wide) in paragraph at lines 337--337
[]\T1/lmtt/m/n/10 ## `stat_bin()` using `bins = 30`. Pick better value with `bi
nwidth`.[] 
 []

<FinalProject-Bright-Santoro_files/figure-latex/unnamed-chunk-5-1.pdf, id=75, 4
69.755pt x 325.215pt>
File: FinalProject-Bright-Santoro_files/figure-latex/unnamed-chunk-5-1.pdf Grap
hic file (type pdf)
<use FinalProject-Bright-Santoro_files/figure-latex/unnamed-chunk-5-1.pdf>
Package pdftex.def Info: FinalProject-Bright-Santoro_files/figure-latex/unnamed
-chunk-5-1.pdf  used on input line 339.
(pdftex.def)             Requested size: 344.997pt x 238.84406pt.

Underfull \vbox (badness 10000) has occurred while \output is active []

[11 <./FinalProject-Bright-Santoro_files/figure-latex/unnamed-chunk-4-1.pdf>]
Overfull \hbox (38.24889pt too wide) in paragraph at lines 426--426
[]\T1/lmtt/m/n/10 ##                     row               column          cor 
           p[] 
 []


Overfull \hbox (38.24889pt too wide) in paragraph at lines 426--426
[]\T1/lmtt/m/n/10 ## 21  free.sulfur.dioxide total.sulfur.dioxide  0.720934081 
0.000000e+00[] 
 []


Overfull \hbox (38.24889pt too wide) in paragraph at lines 426--426
[]\T1/lmtt/m/n/10 ## 25       residual.sugar              density  0.552516950 
0.000000e+00[] 
 []


Overfull \hbox (38.24889pt too wide) in paragraph at lines 426--426
[]\T1/lmtt/m/n/10 ## 19       residual.sugar total.sulfur.dioxide  0.495481587 
0.000000e+00[] 
 []


Overfull \hbox (38.24889pt too wide) in paragraph at lines 426--426
[]\T1/lmtt/m/n/10 ## 22        fixed.acidity              density  0.458909982 
0.000000e+00[] 
 []


Overfull \hbox (38.24889pt too wide) in paragraph at lines 426--426
[]\T1/lmtt/m/n/10 ## 66              alcohol              quality  0.444318520 
0.000000e+00[] 
 []


Overfull \hbox (38.24889pt too wide) in paragraph at lines 426--426
[]\T1/lmtt/m/n/10 ## 14       residual.sugar  free.sulfur.dioxide  0.402870640 
0.000000e+00[] 
 []


Overfull \hbox (38.24889pt too wide) in paragraph at lines 426--426
[]\T1/lmtt/m/n/10 ## 41            chlorides            sulphates  0.395593307 
0.000000e+00[] 
 []


Overfull \hbox (38.24889pt too wide) in paragraph at lines 426--426
[]\T1/lmtt/m/n/10 ## 8      volatile.acidity            chlorides  0.377124276 
0.000000e+00[] 
 []

[12 <./FinalProject-Bright-Santoro_files/figure-latex/unnamed-chunk-5-1.pdf>]
Overfull \hbox (38.24889pt too wide) in paragraph at lines 426--426
[]\T1/lmtt/m/n/10 ## 26            chlorides              density  0.362614656 
0.000000e+00[] 
 []


Overfull \hbox (38.24889pt too wide) in paragraph at lines 426--426
[]\T1/lmtt/m/n/10 ## 2         fixed.acidity          citric.acid  0.324435725 
0.000000e+00[] 
 []


Overfull \hbox (38.24889pt too wide) in paragraph at lines 426--426
[]\T1/lmtt/m/n/10 ## 37        fixed.acidity            sulphates  0.299567744 
0.000000e+00[] 
 []


Overfull \hbox (38.24889pt too wide) in paragraph at lines 426--426
[]\T1/lmtt/m/n/10 ## 7         fixed.acidity            chlorides  0.298194772 
0.000000e+00[] 
 []


Overfull \hbox (38.24889pt too wide) in paragraph at lines 426--426
[]\T1/lmtt/m/n/10 ## 23     volatile.acidity              density  0.271295648 
0.000000e+00[] 
 []


Overfull \hbox (38.24889pt too wide) in paragraph at lines 426--426
[]\T1/lmtt/m/n/10 ## 30     volatile.acidity                   pH  0.261454403 
0.000000e+00[] 
 []


Overfull \hbox (38.24889pt too wide) in paragraph at lines 426--426
[]\T1/lmtt/m/n/10 ## 44              density            sulphates  0.259478495 
0.000000e+00[] 
 []


Overfull \hbox (38.24889pt too wide) in paragraph at lines 426--426
[]\T1/lmtt/m/n/10 ## 38     volatile.acidity            sulphates  0.225983680 
0.000000e+00[] 
 []


Overfull \hbox (38.24889pt too wide) in paragraph at lines 426--426
[]\T1/lmtt/m/n/10 ## 1         fixed.acidity     volatile.acidity  0.219008256 
0.000000e+00[] 
 []


Overfull \hbox (38.24889pt too wide) in paragraph at lines 426--426
[]\T1/lmtt/m/n/10 ## 18          citric.acid total.sulfur.dioxide  0.195241976 
0.000000e+00[] 
 []


Overfull \hbox (38.24889pt too wide) in paragraph at lines 426--426
[]\T1/lmtt/m/n/10 ## 45                   pH            sulphates  0.192123407 
0.000000e+00[] 
 []


Overfull \hbox (38.24889pt too wide) in paragraph at lines 426--426
[]\T1/lmtt/m/n/10 ## 6           citric.acid       residual.sugar  0.142451226 
0.000000e+00[] 
 []


Overfull \hbox (38.24889pt too wide) in paragraph at lines 426--426
[]\T1/lmtt/m/n/10 ## 13          citric.acid  free.sulfur.dioxide  0.133125810 
0.000000e+00[] 
 []


Overfull \hbox (38.24889pt too wide) in paragraph at lines 426--426
[]\T1/lmtt/m/n/10 ## 54                   pH              alcohol  0.121248467 
0.000000e+00[] 
 []


Overfull \hbox (38.24889pt too wide) in paragraph at lines 426--426
[]\T1/lmtt/m/n/10 ## 24          citric.acid              density  0.096153929 
7.993606e-15[] 
 []


Overfull \hbox (38.24889pt too wide) in paragraph at lines 426--426
[]\T1/lmtt/m/n/10 ## 58          citric.acid              quality  0.085531717 
5.001777e-12[] 
 []


Overfull \hbox (38.24889pt too wide) in paragraph at lines 426--426
[]\T1/lmtt/m/n/10 ## 39          citric.acid            sulphates  0.056197300 
5.830741e-06[] 
 []


Overfull \hbox (38.24889pt too wide) in paragraph at lines 426--426
[]\T1/lmtt/m/n/10 ## 61  free.sulfur.dioxide              quality  0.055463059 
7.708445e-06[] 
 []


Overfull \hbox (38.24889pt too wide) in paragraph at lines 426--426
[]\T1/lmtt/m/n/10 ## 33            chlorides                   pH  0.044707980 
3.124540e-04[] 
 []


Overfull \hbox (38.24889pt too wide) in paragraph at lines 426--426
[]\T1/lmtt/m/n/10 ## 9           citric.acid            chlorides  0.038998014 
1.666635e-03[] 
 []


Overfull \hbox (38.24889pt too wide) in paragraph at lines 426--426
[]\T1/lmtt/m/n/10 ## 65            sulphates              quality  0.038485446 
1.918079e-03[] 
 []


Overfull \hbox (38.24889pt too wide) in paragraph at lines 426--426
[]\T1/lmtt/m/n/10 ## 28 total.sulfur.dioxide              density  0.032394512 
9.019631e-03[] 
 []


Overfull \hbox (38.24889pt too wide) in paragraph at lines 426--426
[]\T1/lmtt/m/n/10 ## 27  free.sulfur.dioxide              density  0.025716842 
3.818871e-02[] 
 []


Overfull \hbox (38.24889pt too wide) in paragraph at lines 426--426
[]\T1/lmtt/m/n/10 ## 64                   pH              quality  0.019505704 
1.159310e-01[] 
 []


Overfull \hbox (38.24889pt too wide) in paragraph at lines 426--426
[]\T1/lmtt/m/n/10 ## 36              density                   pH  0.011686081 
3.462974e-01[] 
 []


Overfull \hbox (38.24889pt too wide) in paragraph at lines 426--426
[]\T1/lmtt/m/n/10 ## 55            sulphates              alcohol -0.003029195 
8.071389e-01[] 
 []


Overfull \hbox (38.24889pt too wide) in paragraph at lines 426--426
[]\T1/lmtt/m/n/10 ## 48          citric.acid              alcohol -0.010493492 
3.977326e-01[] 
 []


Overfull \hbox (38.24889pt too wide) in paragraph at lines 426--426
[]\T1/lmtt/m/n/10 ## 59       residual.sugar              quality -0.036980485 
2.871025e-03[] 
 []


Overfull \hbox (38.24889pt too wide) in paragraph at lines 426--426
[]\T1/lmtt/m/n/10 ## 47     volatile.acidity              alcohol -0.037640386 
2.409699e-03[] 
 []


Overfull \hbox (38.24889pt too wide) in paragraph at lines 426--426
[]\T1/lmtt/m/n/10 ## 62 total.sulfur.dioxide              quality -0.041385454 
8.480397e-04[] 
 []


Overfull \hbox (38.24889pt too wide) in paragraph at lines 426--426
[]\T1/lmtt/m/n/10 ## 56        fixed.acidity              quality -0.076743208 
5.874849e-10[] 
 []


Overfull \hbox (38.24889pt too wide) in paragraph at lines 426--426
[]\T1/lmtt/m/n/10 ## 46        fixed.acidity              alcohol -0.095451523 
1.243450e-14[] 
 []


Overfull \hbox (38.24889pt too wide) in paragraph at lines 426--426
[]\T1/lmtt/m/n/10 ## 4         fixed.acidity       residual.sugar -0.111981281 
0.000000e+00[] 
 []


Overfull \hbox (38.24889pt too wide) in paragraph at lines 426--426
[]\T1/lmtt/m/n/10 ## 10       residual.sugar            chlorides -0.128940500 
0.000000e+00[] 
 []


Overfull \hbox (38.24889pt too wide) in paragraph at lines 426--426
[]\T1/lmtt/m/n/10 ## 34  free.sulfur.dioxide                   pH -0.145853896 
0.000000e+00[] 
 []


Overfull \hbox (38.24889pt too wide) in paragraph at lines 426--426
[]\T1/lmtt/m/n/10 ## 51  free.sulfur.dioxide              alcohol -0.179838435 
0.000000e+00[] 
 []


Overfull \hbox (38.24889pt too wide) in paragraph at lines 426--426
[]\T1/lmtt/m/n/10 ## 40       residual.sugar            sulphates -0.185927405 
0.000000e+00[] 
 []


Overfull \hbox (38.24889pt too wide) in paragraph at lines 426--426
[]\T1/lmtt/m/n/10 ## 42  free.sulfur.dioxide            sulphates -0.188457249 
0.000000e+00[] 
 []


Overfull \hbox (38.24889pt too wide) in paragraph at lines 426--426
[]\T1/lmtt/m/n/10 ## 15            chlorides  free.sulfur.dioxide -0.195044785 
0.000000e+00[] 
 []


Overfull \hbox (38.24889pt too wide) in paragraph at lines 426--426
[]\T1/lmtt/m/n/10 ## 5      volatile.acidity       residual.sugar -0.196011174 
0.000000e+00[] 
 []


Overfull \hbox (38.24889pt too wide) in paragraph at lines 426--426
[]\T1/lmtt/m/n/10 ## 60            chlorides              quality -0.200665500 
0.000000e+00[] 
 []


Overfull \hbox (38.24889pt too wide) in paragraph at lines 426--426
[]\T1/lmtt/m/n/10 ## 35 total.sulfur.dioxide                   pH -0.238413103 
0.000000e+00[] 
 []


Overfull \hbox (38.24889pt too wide) in paragraph at lines 426--426
[]\T1/lmtt/m/n/10 ## 29        fixed.acidity                   pH -0.252700468 
0.000000e+00[] 
 []


Overfull \hbox (38.24889pt too wide) in paragraph at lines 426--426
[]\T1/lmtt/m/n/10 ## 50            chlorides              alcohol -0.256915580 
0.000000e+00[] 
 []


Overfull \hbox (38.24889pt too wide) in paragraph at lines 426--426
[]\T1/lmtt/m/n/10 ## 57     volatile.acidity              quality -0.265699478 
0.000000e+00[] 
 []

[13]
Overfull \hbox (38.24889pt too wide) in paragraph at lines 426--426
[]\T1/lmtt/m/n/10 ## 52 total.sulfur.dioxide              alcohol -0.265739639 
0.000000e+00[] 
 []


Overfull \hbox (38.24889pt too wide) in paragraph at lines 426--426
[]\T1/lmtt/m/n/10 ## 32       residual.sugar                   pH -0.267319837 
0.000000e+00[] 
 []


Overfull \hbox (38.24889pt too wide) in paragraph at lines 426--426
[]\T1/lmtt/m/n/10 ## 43 total.sulfur.dioxide            sulphates -0.275726820 
0.000000e+00[] 
 []


Overfull \hbox (38.24889pt too wide) in paragraph at lines 426--426
[]\T1/lmtt/m/n/10 ## 20            chlorides total.sulfur.dioxide -0.279630447 
0.000000e+00[] 
 []


Overfull \hbox (38.24889pt too wide) in paragraph at lines 426--426
[]\T1/lmtt/m/n/10 ## 11        fixed.acidity  free.sulfur.dioxide -0.282735428 
0.000000e+00[] 
 []


Overfull \hbox (38.24889pt too wide) in paragraph at lines 426--426
[]\T1/lmtt/m/n/10 ## 63              density              quality -0.305857906 
0.000000e+00[] 
 []


Overfull \hbox (38.24889pt too wide) in paragraph at lines 426--426
[]\T1/lmtt/m/n/10 ## 16        fixed.acidity total.sulfur.dioxide -0.329053901 
0.000000e+00[] 
 []


Overfull \hbox (38.24889pt too wide) in paragraph at lines 426--426
[]\T1/lmtt/m/n/10 ## 31          citric.acid                   pH -0.329808191 
0.000000e+00[] 
 []


Overfull \hbox (38.24889pt too wide) in paragraph at lines 426--426
[]\T1/lmtt/m/n/10 ## 12     volatile.acidity  free.sulfur.dioxide -0.352557306 
0.000000e+00[] 
 []


Overfull \hbox (38.24889pt too wide) in paragraph at lines 426--426
[]\T1/lmtt/m/n/10 ## 49       residual.sugar              alcohol -0.359414771 
0.000000e+00[] 
 []


Overfull \hbox (38.24889pt too wide) in paragraph at lines 426--426
[]\T1/lmtt/m/n/10 ## 3      volatile.acidity          citric.acid -0.377981317 
0.000000e+00[] 
 []


Overfull \hbox (38.24889pt too wide) in paragraph at lines 426--426
[]\T1/lmtt/m/n/10 ## 17     volatile.acidity total.sulfur.dioxide -0.414476195 
0.000000e+00[] 
 []


Overfull \hbox (38.24889pt too wide) in paragraph at lines 426--426
[]\T1/lmtt/m/n/10 ## 53              density              alcohol -0.686745421 
0.000000e+00[] 
 []

<FinalProject-Bright-Santoro_files/figure-latex/unnamed-chunk-7-1.pdf, id=99, 4
69.755pt x 325.215pt>
File: FinalProject-Bright-Santoro_files/figure-latex/unnamed-chunk-7-1.pdf Grap
hic file (type pdf)
<use FinalProject-Bright-Santoro_files/figure-latex/unnamed-chunk-7-1.pdf>
Package pdftex.def Info: FinalProject-Bright-Santoro_files/figure-latex/unnamed
-chunk-7-1.pdf  used on input line 442.
(pdftex.def)             Requested size: 344.997pt x 238.84406pt.

Underfull \vbox (badness 10000) has occurred while \output is active []

[14]
<FinalProject-Bright-Santoro_files/figure-latex/unnamed-chunk-8-1.pdf, id=104, 
469.755pt x 325.215pt>
File: FinalProject-Bright-Santoro_files/figure-latex/unnamed-chunk-8-1.pdf Grap
hic file (type pdf)
<use FinalProject-Bright-Santoro_files/figure-latex/unnamed-chunk-8-1.pdf>
Package pdftex.def Info: FinalProject-Bright-Santoro_files/figure-latex/unnamed
-chunk-8-1.pdf  used on input line 458.
(pdftex.def)             Requested size: 344.997pt x 238.84406pt.

Underfull \vbox (badness 10000) has occurred while \output is active []

[15 <./FinalProject-Bright-Santoro_files/figure-latex/unnamed-chunk-7-1.pdf>]
<FinalProject-Bright-Santoro_files/figure-latex/unnamed-chunk-9-1.pdf, id=114, 
469.755pt x 325.215pt>
File: FinalProject-Bright-Santoro_files/figure-latex/unnamed-chunk-9-1.pdf Grap
hic file (type pdf)
<use FinalProject-Bright-Santoro_files/figure-latex/unnamed-chunk-9-1.pdf>
Package pdftex.def Info: FinalProject-Bright-Santoro_files/figure-latex/unnamed
-chunk-9-1.pdf  used on input line 472.
(pdftex.def)             Requested size: 344.997pt x 238.84406pt.

Underfull \vbox (badness 10000) has occurred while \output is active []

[16 <./FinalProject-Bright-Santoro_files/figure-latex/unnamed-chunk-8-1.pdf>] [
17 <./FinalProject-Bright-Santoro_files/figure-latex/unnamed-chunk-9-1.pdf>] [1
8

]
Chapter 3.
LaTeX Font Info:    Font shape `T1/lmtt/bx/n' in size <10> not available
(Font)              Font shape `T1/lmtt/b/n' tried instead on input line 489.
[19]
Overfull \hbox (32.9989pt too wide) in paragraph at lines 530--530
[]\T1/lmtt/m/n/10 ##   fixed.acidity volatile.acidity citric.acid residual.suga
r chlorides[] 
 []


Overfull \hbox (32.9989pt too wide) in paragraph at lines 530--530
[]\T1/lmtt/m/n/10 ## 1     0.2975207        0.4133333  0.00000000     0.0199386
5 0.1112957[] 
 []


Overfull \hbox (32.9989pt too wide) in paragraph at lines 530--530
[]\T1/lmtt/m/n/10 ## 2     0.3305785        0.5333333  0.00000000     0.0306748
5 0.1478405[] 
 []


Overfull \hbox (32.9989pt too wide) in paragraph at lines 530--530
[]\T1/lmtt/m/n/10 ## 3     0.3305785        0.4533333  0.02409639     0.0260736
2 0.1378738[] 
 []


Overfull \hbox (32.9989pt too wide) in paragraph at lines 530--530
[]\T1/lmtt/m/n/10 ## 4     0.6115702        0.1333333  0.33734940     0.0199386
5 0.1096346[] 
 []


Overfull \hbox (32.9989pt too wide) in paragraph at lines 530--530
[]\T1/lmtt/m/n/10 ## 5     0.2975207        0.4133333  0.00000000     0.0199386
5 0.1112957[] 
 []


Overfull \hbox (32.9989pt too wide) in paragraph at lines 530--530
[]\T1/lmtt/m/n/10 ## 6     0.2975207        0.3866667  0.00000000     0.0184049
1 0.1096346[] 
 []


Overfull \hbox (48.74886pt too wide) in paragraph at lines 530--530
[]\T1/lmtt/m/n/10 ##   free.sulfur.dioxide total.sulfur.dioxide   density      
  pH sulphates[] 
 []


Overfull \hbox (48.74886pt too wide) in paragraph at lines 530--530
[]\T1/lmtt/m/n/10 ## 1          0.03472222           0.06451613 0.2060922 0.612
4031 0.1910112[] 
 []


Overfull \hbox (48.74886pt too wide) in paragraph at lines 530--530
[]\T1/lmtt/m/n/10 ## 2          0.08333333           0.14055300 0.1868132 0.372
0930 0.2584270[] 
 []


Overfull \hbox (48.74886pt too wide) in paragraph at lines 530--530
[]\T1/lmtt/m/n/10 ## 3          0.04861111           0.11059908 0.1906690 0.418
6047 0.2415730[] 
 []


Overfull \hbox (48.74886pt too wide) in paragraph at lines 530--530
[]\T1/lmtt/m/n/10 ## 4          0.05555556           0.12442396 0.2099479 0.341
0853 0.2022472[] 
 []


Overfull \hbox (48.74886pt too wide) in paragraph at lines 530--530
[]\T1/lmtt/m/n/10 ## 5          0.03472222           0.06451613 0.2060922 0.612
4031 0.1910112[] 
 []


Overfull \hbox (48.74886pt too wide) in paragraph at lines 530--530
[]\T1/lmtt/m/n/10 ## 6          0.04166667           0.07834101 0.2060922 0.612
4031 0.1910112[] 
 []

LaTeX Font Info:    External font `lmex10' loaded for size
(Font)              <10> on input line 535.
LaTeX Font Info:    External font `lmex10' loaded for size
(Font)              <7> on input line 535.
LaTeX Font Info:    External font `lmex10' loaded for size
(Font)              <5> on input line 535.
[20] [21] [22

]
Chapter 4.

Package natbib Warning: Citation `random_forests' on page 23 undefined on input
 line 581.

[23] [24]
Overfull \hbox (59.24883pt too wide) in paragraph at lines 713--713
[]\T1/lmtt/m/n/10 ##                      Class: 3 Class: 4 Class: 5 Class: 6 C
lass: 7 Class: 8[] 
 []


Overfull \hbox (59.24883pt too wide) in paragraph at lines 713--713
[]\T1/lmtt/m/n/10 ## Sensitivity          1.000000  1.00000   1.0000   1.0000  
 1.0000   1.0000[] 
 []


Overfull \hbox (59.24883pt too wide) in paragraph at lines 713--713
[]\T1/lmtt/m/n/10 ## Specificity          1.000000  1.00000   1.0000   1.0000  
 1.0000   1.0000[] 
 []


Overfull \hbox (59.24883pt too wide) in paragraph at lines 713--713
[]\T1/lmtt/m/n/10 ## Pos Pred Value       1.000000  1.00000   1.0000   1.0000  
 1.0000   1.0000[] 
 []

[25]
Overfull \hbox (59.24883pt too wide) in paragraph at lines 713--713
[]\T1/lmtt/m/n/10 ## Neg Pred Value       1.000000  1.00000   1.0000   1.0000  
 1.0000   1.0000[] 
 []


Overfull \hbox (59.24883pt too wide) in paragraph at lines 713--713
[]\T1/lmtt/m/n/10 ## Prevalence           0.004163  0.03309   0.3326   0.4327  
 0.1665   0.0298[] 
 []


Overfull \hbox (59.24883pt too wide) in paragraph at lines 713--713
[]\T1/lmtt/m/n/10 ## Detection Rate       0.004163  0.03309   0.3326   0.4327  
 0.1665   0.0298[] 
 []


Overfull \hbox (59.24883pt too wide) in paragraph at lines 713--713
[]\T1/lmtt/m/n/10 ## Detection Prevalence 0.004163  0.03309   0.3326   0.4327  
 0.1665   0.0298[] 
 []


Overfull \hbox (59.24883pt too wide) in paragraph at lines 713--713
[]\T1/lmtt/m/n/10 ## Balanced Accuracy    1.000000  1.00000   1.0000   1.0000  
 1.0000   1.0000[] 
 []

[26]
Overfull \hbox (64.49881pt too wide) in paragraph at lines 789--789
[]\T1/lmtt/m/n/10 ##                       Class: 3 Class: 4 Class: 5 Class: 6 
Class: 7 Class: 8[] 
 []


Overfull \hbox (64.49881pt too wide) in paragraph at lines 789--789
[]\T1/lmtt/m/n/10 ## Sensitivity          0.0000000 0.123077   0.7226   0.7898 
 0.55799 0.315789[] 
 []


Overfull \hbox (64.49881pt too wide) in paragraph at lines 789--789
[]\T1/lmtt/m/n/10 ## Specificity          0.9994797 0.998929   0.8637   0.6716 
 0.96097 0.997868[] 
 []


Overfull \hbox (64.49881pt too wide) in paragraph at lines 789--789
[]\T1/lmtt/m/n/10 ## Pos Pred Value       0.0000000 0.800000   0.7145   0.6589 
 0.73859 0.818182[] 
 []


Overfull \hbox (64.49881pt too wide) in paragraph at lines 789--789
[]\T1/lmtt/m/n/10 ## Neg Pred Value       0.9943064 0.970359   0.8683   0.7991 
 0.91667 0.979592[] 
 []


Overfull \hbox (64.49881pt too wide) in paragraph at lines 789--789
[]\T1/lmtt/m/n/10 ## Prevalence           0.0056906 0.033626   0.3207   0.4454 
 0.16503 0.029488[] 
 []


Overfull \hbox (64.49881pt too wide) in paragraph at lines 789--789
[]\T1/lmtt/m/n/10 ## Detection Rate       0.0000000 0.004139   0.2318   0.3518 
 0.09208 0.009312[] 
 []


Overfull \hbox (64.49881pt too wide) in paragraph at lines 789--789
[]\T1/lmtt/m/n/10 ## Detection Prevalence 0.0005173 0.005173   0.3244   0.5339 
 0.12468 0.011381[] 
 []


Overfull \hbox (64.49881pt too wide) in paragraph at lines 789--789
[]\T1/lmtt/m/n/10 ## Balanced Accuracy    0.4997399 0.561003   0.7931   0.7307 
 0.75948 0.656829[] 
 []


Underfull \vbox (badness 10000) has occurred while \output is active []

[27]
<FinalProject-Bright-Santoro_files/figure-latex/unnamed-chunk-18-1.pdf, id=208,
 469.755pt x 325.215pt>
File: FinalProject-Bright-Santoro_files/figure-latex/unnamed-chunk-18-1.pdf Gra
phic file (type pdf)
<use FinalProject-Bright-Santoro_files/figure-latex/unnamed-chunk-18-1.pdf>
Package pdftex.def Info: FinalProject-Bright-Santoro_files/figure-latex/unnamed
-chunk-18-1.pdf  used on input line 809.
(pdftex.def)             Requested size: 344.997pt x 238.84406pt.

Underfull \hbox (badness 10000) in paragraph at lines 809--811
[][]
 []

[28 <./FinalProject-Bright-Santoro_files/figure-latex/unnamed-chunk-18-1.pdf>]
<FinalProject-Bright-Santoro_files/figure-latex/unnamed-chunk-19-1.pdf, id=224,
 469.755pt x 325.215pt>
File: FinalProject-Bright-Santoro_files/figure-latex/unnamed-chunk-19-1.pdf Gra
phic file (type pdf)
<use FinalProject-Bright-Santoro_files/figure-latex/unnamed-chunk-19-1.pdf>
Package pdftex.def Info: FinalProject-Bright-Santoro_files/figure-latex/unnamed
-chunk-19-1.pdf  used on input line 840.
(pdftex.def)             Requested size: 344.997pt x 238.84406pt.

Underfull \hbox (badness 10000) in paragraph at lines 840--842
[][]
 []

[29 <./FinalProject-Bright-Santoro_files/figure-latex/unnamed-chunk-19-1.pdf>]
Overfull \hbox (290.24815pt too wide) in paragraph at lines 880--880
[]\T1/lmtt/m/n/10 ##  randomForest(formula = quality ~ ., data = rf.train, ntre
e = 300,      mTry = 3, importance = TRUE, proximity = TRUE)[] 
 []

[30]
Overfull \hbox (59.24883pt too wide) in paragraph at lines 962--962
[]\T1/lmtt/m/n/10 ##                      Class: 3 Class: 4 Class: 5 Class: 6 C
lass: 7 Class: 8[] 
 []


Overfull \hbox (59.24883pt too wide) in paragraph at lines 962--962
[]\T1/lmtt/m/n/10 ## Sensitivity          1.000000  1.00000   1.0000   1.0000  
 1.0000   1.0000[] 
 []


Overfull \hbox (59.24883pt too wide) in paragraph at lines 962--962
[]\T1/lmtt/m/n/10 ## Specificity          1.000000  1.00000   1.0000   1.0000  
 1.0000   1.0000[] 
 []


Overfull \hbox (59.24883pt too wide) in paragraph at lines 962--962
[]\T1/lmtt/m/n/10 ## Pos Pred Value       1.000000  1.00000   1.0000   1.0000  
 1.0000   1.0000[] 
 []


Overfull \hbox (59.24883pt too wide) in paragraph at lines 962--962
[]\T1/lmtt/m/n/10 ## Neg Pred Value       1.000000  1.00000   1.0000   1.0000  
 1.0000   1.0000[] 
 []


Overfull \hbox (59.24883pt too wide) in paragraph at lines 962--962
[]\T1/lmtt/m/n/10 ## Prevalence           0.004163  0.03309   0.3326   0.4327  
 0.1665   0.0298[] 
 []


Overfull \hbox (59.24883pt too wide) in paragraph at lines 962--962
[]\T1/lmtt/m/n/10 ## Detection Rate       0.004163  0.03309   0.3326   0.4327  
 0.1665   0.0298[] 
 []


Overfull \hbox (59.24883pt too wide) in paragraph at lines 962--962
[]\T1/lmtt/m/n/10 ## Detection Prevalence 0.004163  0.03309   0.3326   0.4327  
 0.1665   0.0298[] 
 []


Overfull \hbox (59.24883pt too wide) in paragraph at lines 962--962
[]\T1/lmtt/m/n/10 ## Balanced Accuracy    1.000000  1.00000   1.0000   1.0000  
 1.0000   1.0000[] 
 []


Overfull \hbox (16.35728pt too wide) has occurred while \output is active
\T1/lmr/m/sl/10 4.6.  RERUN PREDICITION AND CONFUSION MATRIX - TRAINING DATA \T
1/lmr/m/n/10 31
 []

[31] [32]
Overfull \hbox (64.49881pt too wide) in paragraph at lines 1034--1034
[]\T1/lmtt/m/n/10 ##                       Class: 3 Class: 4 Class: 5 Class: 6 
Class: 7 Class: 8[] 
 []


Overfull \hbox (64.49881pt too wide) in paragraph at lines 1034--1034
[]\T1/lmtt/m/n/10 ## Sensitivity          0.0000000 0.123077   0.7210   0.7840 
 0.54859 0.315789[] 
 []


Overfull \hbox (64.49881pt too wide) in paragraph at lines 1034--1034
[]\T1/lmtt/m/n/10 ## Specificity          0.9994797 0.998394   0.8599   0.6688 
 0.96097 0.997868[] 
 []


Overfull \hbox (64.49881pt too wide) in paragraph at lines 1034--1034
[]\T1/lmtt/m/n/10 ## Pos Pred Value       0.0000000 0.727273   0.7084   0.6553 
 0.73529 0.818182[] 
 []


Overfull \hbox (64.49881pt too wide) in paragraph at lines 1034--1034
[]\T1/lmtt/m/n/10 ## Neg Pred Value       0.9943064 0.970343   0.8671   0.7940 
 0.91504 0.979592[] 
 []


Overfull \hbox (64.49881pt too wide) in paragraph at lines 1034--1034
[]\T1/lmtt/m/n/10 ## Prevalence           0.0056906 0.033626   0.3207   0.4454 
 0.16503 0.029488[] 
 []


Overfull \hbox (64.49881pt too wide) in paragraph at lines 1034--1034
[]\T1/lmtt/m/n/10 ## Detection Rate       0.0000000 0.004139   0.2312   0.3492 
 0.09053 0.009312[] 
 []


Overfull \hbox (64.49881pt too wide) in paragraph at lines 1034--1034
[]\T1/lmtt/m/n/10 ## Detection Prevalence 0.0005173 0.005691   0.3264   0.5329 
 0.12312 0.011381[] 
 []


Overfull \hbox (64.49881pt too wide) in paragraph at lines 1034--1034
[]\T1/lmtt/m/n/10 ## Balanced Accuracy    0.4997399 0.560735   0.7904   0.7264 
 0.75478 0.656829[] 
 []

<FinalProject-Bright-Santoro_files/figure-latex/unnamed-chunk-25-1.pdf, id=253,
 469.755pt x 325.215pt>
File: FinalProject-Bright-Santoro_files/figure-latex/unnamed-chunk-25-1.pdf Gra
phic file (type pdf)
<use FinalProject-Bright-Santoro_files/figure-latex/unnamed-chunk-25-1.pdf>
Package pdftex.def Info: FinalProject-Bright-Santoro_files/figure-latex/unnamed
-chunk-25-1.pdf  used on input line 1050.
(pdftex.def)             Requested size: 344.997pt x 238.84406pt.

Underfull \hbox (badness 10000) in paragraph at lines 1050--1052
[][]
 []


Underfull \vbox (badness 10000) has occurred while \output is active []

[33] [34 <./FinalProject-Bright-Santoro_files/figure-latex/unnamed-chunk-25-1.p
df>]
Chapter 5.

Package natbib Warning: Citation `knn' on page 35 undefined on input line 1067.


[35

]
Overfull \hbox (27.74892pt too wide) in paragraph at lines 1102--1102
[]\T1/lmtt/m/n/10 ##  $ residual.sugar      : num  0.0307 0.0199 0.0199 0.0092 
0.0184 ...[] 
 []


Overfull \hbox (27.74892pt too wide) in paragraph at lines 1102--1102
[]\T1/lmtt/m/n/10 ##  $ free.sulfur.dioxide : num  0.0833 0.0556 0.0347 0.0486 
0.0486 ...[] 
 []


Overfull \hbox (27.74892pt too wide) in paragraph at lines 1102--1102
[]\T1/lmtt/m/n/10 ##  $ total.sulfur.dioxide: num  0.1406 0.1244 0.0645 0.0346 
0.1359 ...[] 
 []


Overfull \hbox (1.499pt too wide) in paragraph at lines 1102--1102
[]\T1/lmtt/m/n/10 ##  $ pH                  : num  0.372 0.341 0.612 0.519 0.43
4 ...[] 
 []


Overfull \hbox (127.49863pt too wide) in paragraph at lines 1102--1102
[]\T1/lmtt/m/n/10 ##  $ quality             : Factor w/ 6 levels "3","4","5","6
",..: 3 4 3 5 3 3 4 4 3 3 ...[] 
 []


Overfull \hbox (1.499pt too wide) in paragraph at lines 1124--1124
[]\T1/lmtt/m/n/10 ##  $ fixed.acidity       : num  0.298 0.331 0.298 0.339 0.33
1 ...[] 
 []


Overfull \hbox (1.499pt too wide) in paragraph at lines 1124--1124
[]\T1/lmtt/m/n/10 ##  $ volatile.acidity    : num  0.413 0.453 0.387 0.347 0.33
3 ...[] 
 []


Overfull \hbox (27.74892pt too wide) in paragraph at lines 1124--1124
[]\T1/lmtt/m/n/10 ##  $ residual.sugar      : num  0.0199 0.0261 0.0184 0.0153 
0.0215 ...[] 
 []


Overfull \hbox (27.74892pt too wide) in paragraph at lines 1124--1124
[]\T1/lmtt/m/n/10 ##  $ chlorides           : num  0.1113 0.1379 0.1096 0.0997 
0.1063 ...[] 
 []


Overfull \hbox (27.74892pt too wide) in paragraph at lines 1124--1124
[]\T1/lmtt/m/n/10 ##  $ free.sulfur.dioxide : num  0.0347 0.0486 0.0417 0.0486 
0.0278 ...[] 
 []


Overfull \hbox (27.74892pt too wide) in paragraph at lines 1124--1124
[]\T1/lmtt/m/n/10 ##  $ total.sulfur.dioxide: num  0.0645 0.1106 0.0783 0.1221 
0.0276 ...[] 
 []


Overfull \hbox (1.499pt too wide) in paragraph at lines 1124--1124
[]\T1/lmtt/m/n/10 ##  $ density             : num  0.206 0.191 0.206 0.179 0.18
7 ...[] 
 []


Overfull \hbox (1.499pt too wide) in paragraph at lines 1124--1124
[]\T1/lmtt/m/n/10 ##  $ sulphates           : num  0.191 0.242 0.191 0.135 0.19
7 ...[] 
 []


Overfull \hbox (1.499pt too wide) in paragraph at lines 1124--1124
[]\T1/lmtt/m/n/10 ##  $ alcohol             : num  0.203 0.261 0.203 0.203 0.21
7 ...[] 
 []


Overfull \hbox (127.49863pt too wide) in paragraph at lines 1124--1124
[]\T1/lmtt/m/n/10 ##  $ quality             : Factor w/ 7 levels "3","4","5","6
",..: 3 3 3 3 5 3 3 3 3 3 ...[] 
 []

[36]
Overfull \hbox (6.74898pt too wide) in paragraph at lines 1203--1203
[]\T1/lmtt/m/n/10 ## Summary of sample sizes: 4108, 4108, 4106, 4108, 4108, 410
9, ...[] 
 []

[37]
Overfull \hbox (38.24889pt too wide) in paragraph at lines 1203--1203
[]\T1/lmtt/m/n/10 ## Accuracy was used to select the optimal model using the la
rgest value.[] 
 []

<FinalProject-Bright-Santoro_files/figure-latex/unnamed-chunk-29-1.pdf, id=291,
 469.755pt x 325.215pt>
File: FinalProject-Bright-Santoro_files/figure-latex/unnamed-chunk-29-1.pdf Gra
phic file (type pdf)
<use FinalProject-Bright-Santoro_files/figure-latex/unnamed-chunk-29-1.pdf>
Package pdftex.def Info: FinalProject-Bright-Santoro_files/figure-latex/unnamed
-chunk-29-1.pdf  used on input line 1213.
(pdftex.def)             Requested size: 344.997pt x 238.84406pt.

Underfull \vbox (badness 10000) has occurred while \output is active []

[38]
Overfull \hbox (64.49881pt too wide) in paragraph at lines 1233--1233
[]\T1/lmtt/m/n/10 ## Warning in levels(reference) != levels(data): longer objec
t length is not a[] 
 []


Overfull \hbox (80.24876pt too wide) in paragraph at lines 1238--1238
[]\T1/lmtt/m/n/10 ## Warning in confusionMatrix.default(knnPredict.2, knn.test$
quality): Levels are[] 
 []


Overfull \hbox (48.74886pt too wide) in paragraph at lines 1238--1238
[]\T1/lmtt/m/n/10 ## not in the same order for reference and data. Refactoring 
data to match.[] 
 []

[39 <./FinalProject-Bright-Santoro_files/figure-latex/unnamed-chunk-29-1.pdf>]
Overfull \hbox (64.49881pt too wide) in paragraph at lines 1274--1274
[]\T1/lmtt/m/n/10 ##                      Class: 3 Class: 4 Class: 5 Class: 6 C
lass: 7  Class: 8[] 
 []


Overfull \hbox (64.49881pt too wide) in paragraph at lines 1274--1274
[]\T1/lmtt/m/n/10 ## Sensitivity          0.000000  0.00000   0.6129   0.6818  
 0.3793 0.0000000[] 
 []


Overfull \hbox (64.49881pt too wide) in paragraph at lines 1274--1274
[]\T1/lmtt/m/n/10 ## Specificity          1.000000  1.00000   0.8081   0.5625  
 0.9238 0.9994670[] 
 []


Overfull \hbox (64.49881pt too wide) in paragraph at lines 1274--1274
[]\T1/lmtt/m/n/10 ## Pos Pred Value            NaN      NaN   0.6013   0.5559  
 0.4959 0.0000000[] 
 []


Overfull \hbox (64.49881pt too wide) in paragraph at lines 1274--1274
[]\T1/lmtt/m/n/10 ## Neg Pred Value       0.994309  0.96637   0.8155   0.6876  
 0.8828 0.9704969[] 
 []


Overfull \hbox (64.49881pt too wide) in paragraph at lines 1274--1274
[]\T1/lmtt/m/n/10 ## Prevalence           0.005691  0.03363   0.3207   0.4454  
 0.1650 0.0294878[] 
 []


Overfull \hbox (64.49881pt too wide) in paragraph at lines 1274--1274
[]\T1/lmtt/m/n/10 ## Detection Rate       0.000000  0.00000   0.1966   0.3037  
 0.0626 0.0000000[] 
 []


Overfull \hbox (64.49881pt too wide) in paragraph at lines 1274--1274
[]\T1/lmtt/m/n/10 ## Detection Prevalence 0.000000  0.00000   0.3270   0.5463  
 0.1262 0.0005173[] 
 []


Overfull \hbox (64.49881pt too wide) in paragraph at lines 1274--1274
[]\T1/lmtt/m/n/10 ## Balanced Accuracy    0.500000  0.50000   0.7105   0.6221  
 0.6516 0.4997335[] 
 []


Overfull \hbox (64.49881pt too wide) in paragraph at lines 1292--1292
[]\T1/lmtt/m/n/10 ## Warning in levels(reference) != levels(data): longer objec
t length is not a[] 
 []


Overfull \hbox (80.24876pt too wide) in paragraph at lines 1297--1297
[]\T1/lmtt/m/n/10 ## Warning in confusionMatrix.default(knnPredict.2, knn.test$
quality): Levels are[] 
 []


Overfull \hbox (48.74886pt too wide) in paragraph at lines 1297--1297
[]\T1/lmtt/m/n/10 ## not in the same order for reference and data. Refactoring 
data to match.[] 
 []

[40] [41] [42

]
Chapter 6.

Package natbib Warning: Citation `regression_r' on page 43 undefined on input l
ine 1308.


Underfull \hbox (badness 10000) in paragraph at lines 1308--1309

 []


Package natbib Warning: Citation `elastic_net' on page 43 undefined on input li
ne 1317.

[43]

Package natbib Warning: Citation `RMSE' on page 44 undefined on input line 1357
.

[44] [45]
Overfull \hbox (22.49893pt too wide) in paragraph at lines 1490--1490
[]\T1/lmtt/m/n/10 ## lm(formula = quality ~ volatile.acidity + citric.acid + ch
lorides +[] 
 []

[46] [47]
Overfull \hbox (1.499pt too wide) in paragraph at lines 1544--1544
[]\T1/lmtt/m/n/10 ## i Use `all_of(cols)` instead of `cols` to silence this mes
sage.[] 
 []


Overfull \hbox (48.74886pt too wide) in paragraph at lines 1544--1544
[]\T1/lmtt/m/n/10 ## i See <https://tidyselect.r-lib.org/reference/faq-external
-vector.html>.[] 
 []

<FinalProject-Bright-Santoro_files/figure-latex/unnamed-chunk-41-1.pdf, id=364,
 469.755pt x 325.215pt>
File: FinalProject-Bright-Santoro_files/figure-latex/unnamed-chunk-41-1.pdf Gra
phic file (type pdf)
<use FinalProject-Bright-Santoro_files/figure-latex/unnamed-chunk-41-1.pdf>
Package pdftex.def Info: FinalProject-Bright-Santoro_files/figure-latex/unnamed
-chunk-41-1.pdf  used on input line 1554.
(pdftex.def)             Requested size: 344.997pt x 238.84406pt.

Underfull \hbox (badness 10000) in paragraph at lines 1554--1556
[][]
 []

[48 <./FinalProject-Bright-Santoro_files/figure-latex/unnamed-chunk-41-1.pdf>]

Package natbib Warning: Citation `regression_r' on page 49 undefined on input l
ine 1628.

[49]
<FinalProject-Bright-Santoro_files/figure-latex/unnamed-chunk-47-1.pdf, id=382,
 469.755pt x 325.215pt>
File: FinalProject-Bright-Santoro_files/figure-latex/unnamed-chunk-47-1.pdf Gra
phic file (type pdf)
<use FinalProject-Bright-Santoro_files/figure-latex/unnamed-chunk-47-1.pdf>
Package pdftex.def Info: FinalProject-Bright-Santoro_files/figure-latex/unnamed
-chunk-47-1.pdf  used on input line 1640.
(pdftex.def)             Requested size: 344.997pt x 238.84406pt.
[50 <./FinalProject-Bright-Santoro_files/figure-latex/unnamed-chunk-47-1.pdf>]

Package natbib Warning: Citation `regression_r' on page 51 undefined on input l
ine 1686.


Overfull \hbox (90.74873pt too wide) in paragraph at lines 1691--1691
[]\T1/lmtt/m/n/10 ## Warning in nominalTrainWorkflow(x = x, y = y, wts = weight
s, info = trainInfo, :[] 
 []

[51] [52

]
Chapter 7.
[53] [54

]
Chapter 8.

Overfull \hbox (7.82166pt too wide) in paragraph at lines 1763--1764
[]\T1/lmr/m/n/10 ``Descriptive Statis-tics.'' Wikipedia, en.wikipedia.org/wiki/
Descriptive_statistics.
 []


Underfull \hbox (badness 10000) in paragraph at lines 1767--1768
[]$\T1/lmr/m/n/10 https : / / www . slideshare . net / DerekKane / data -[] sci
ence -[] part -[] xii -[] ridge -[] regression -[]
 []

No file FinalProject-Bright-Santoro.bbl.

Package natbib Warning: There were undefined citations.

[55] (./FinalProject-Bright-Santoro.aux)

LaTeX Warning: Label(s) may have changed. Rerun to get cross-references right.


Package rerunfilecheck Warning: File `FinalProject-Bright-Santoro.out' has chan
ged.
(rerunfilecheck)                Rerun to get outlines right
(rerunfilecheck)                or use package `bookmark'.

Package rerunfilecheck Info: Checksums for `FinalProject-Bright-Santoro.out':
(rerunfilecheck)             Before: <no file>
(rerunfilecheck)             After:  4F21681A7C750E406BA2BD02A55E6933;4725.
 ) 
Here is how much of TeX's memory you used:
 11375 strings out of 480496
 171021 string characters out of 5897906
 484411 words of memory out of 5000000
 28712 multiletter control sequences out of 15000+600000
 469970 words of font info for 77 fonts, out of 8000000 for 9000
 14 hyphenation exceptions out of 8191
 60i,6n,66p,726b,477s stack positions out of 5000i,500n,10000p,200000b,80000s
{c:/Users/micha/AppData/Roaming/TinyTeX/texmf-dist/fonts/enc/dvips/lm/lm-math
sy.enc}{c:/Users/micha/AppData/Roaming/TinyTeX/texmf-dist/fonts/enc/dvips/lm/lm
-mathex.enc}{c:/Users/micha/AppData/Roaming/TinyTeX/texmf-dist/fonts/enc/dvips/
lm/lm-mathit.enc}{c:/Users/micha/AppData/Roaming/TinyTeX/texmf-dist/fonts/enc/d
vips/lm/lm-rm.enc}{c:/Users/micha/AppData/Roaming/TinyTeX/texmf-dist/fonts/enc/
dvips/lm/lm-ts1.enc}{c:/Users/micha/AppData/Roaming/TinyTeX/texmf-dist/fonts/en
c/dvips/lm/lm-ec.enc}<c:/Users/micha/AppData/Roaming/TinyTeX/texmf-dist/fonts/t
ype1/public/lm/lmbx10.pfb><c:/Users/micha/AppData/Roaming/TinyTeX/texmf-dist/fo
nts/type1/public/lm/lmbx12.pfb><c:/Users/micha/AppData/Roaming/TinyTeX/texmf-di
st/fonts/type1/public/lm/lmbxi10.pfb><c:/Users/micha/AppData/Roaming/TinyTeX/te
xmf-dist/fonts/type1/public/lm/lmex10.pfb><c:/Users/micha/AppData/Roaming/TinyT
eX/texmf-dist/fonts/type1/public/lm/lmmi10.pfb><c:/Users/micha/AppData/Roaming/
TinyTeX/texmf-dist/fonts/type1/public/lm/lmmi7.pfb><c:/Users/micha/AppData/Roam
ing/TinyTeX/texmf-dist/fonts/type1/public/lm/lmr10.pfb><c:/Users/micha/AppData/
Roaming/TinyTeX/texmf-dist/fonts/type1/public/lm/lmr12.pfb><c:/Users/micha/AppD
ata/Roaming/TinyTeX/texmf-dist/fonts/type1/public/lm/lmr17.pfb><c:/Users/micha/
AppData/Roaming/TinyTeX/texmf-dist/fonts/type1/public/lm/lmr7.pfb><c:/Users/mic
ha/AppData/Roaming/TinyTeX/texmf-dist/fonts/type1/public/lm/lmro10.pfb><c:/User
s/micha/AppData/Roaming/TinyTeX/texmf-dist/fonts/type1/public/lm/lmsy10.pfb><c:
/Users/micha/AppData/Roaming/TinyTeX/texmf-dist/fonts/type1/public/lm/lmsy5.pfb
><c:/Users/micha/AppData/Roaming/TinyTeX/texmf-dist/fonts/type1/public/lm/lmsy7
.pfb><c:/Users/micha/AppData/Roaming/TinyTeX/texmf-dist/fonts/type1/public/lm/l
mtk10.pfb><c:/Users/micha/AppData/Roaming/TinyTeX/texmf-dist/fonts/type1/public
/lm/lmtt10.pfb><c:/Users/micha/AppData/Roaming/TinyTeX/texmf-dist/fonts/type1/p
ublic/lm/lmtti10.pfb>
Output written on FinalProject-Bright-Santoro.pdf (55 pages, 1012821 bytes).
PDF statistics:
 546 PDF objects out of 1000 (max. 8388607)
 422 compressed objects within 5 object streams
 138 named destinations out of 1000 (max. 500000)
 61 words of extra memory for PDF output out of 10000 (max. 10000000)

